<?xml version="1.0" encoding="UTF-8"?>
<!-- Generated by org.testng.reporters.JUnitReportReporter -->
<testsuite hostname="DESKTOP-S922UAC" failures="0" tests="4" name="OrangeHRM_POM.T2_AdminPage" time="9.443" errors="0" timestamp="2025-06-02T21:59:27 GMT+04:00" skipped="0">
  <testcase classname="OrangeHRM_POM.T2_AdminPage" name="adminpage" time="1.855"/>
  <testcase classname="OrangeHRM_POM.T2_AdminPage" name="userName" time="0.976"/>
  <testcase classname="OrangeHRM_POM.T2_AdminPage" name="userRole" time="3.206"/>
  <testcase classname="OrangeHRM_POM.T2_AdminPage" name="userStatus" time="3.406"/>
</testsuite> <!-- OrangeHRM_POM.T2_AdminPage -->
