<?xml version="1.0" encoding="UTF-8"?>
<!-- Generated by org.testng.reporters.JUnitReportReporter -->
<testsuite hostname="DESKTOP-S922UAC" failures="0" tests="3" name="ecommerce_Domain_Projects_DemoBlaze.T2_SignInPage" time="3.183" errors="0" timestamp="2025-06-05T23:32:14 GMT+04:00" skipped="0">
  <testcase classname="ecommerce_Domain_Projects_DemoBlaze.T2_SignInPage" name="validateUrl" time="0.026"/>
  <testcase classname="ecommerce_Domain_Projects_DemoBlaze.T2_SignInPage" name="validateTitle" time="0.021"/>
  <testcase classname="ecommerce_Domain_Projects_DemoBlaze.T2_SignInPage" name="Dologin" time="3.136"/>
</testsuite> <!-- ecommerce_Domain_Projects_DemoBlaze.T2_SignInPage -->
