<?xml version="1.0" encoding="UTF-8"?>
<!-- Generated by org.testng.reporters.JUnitReportReporter -->
<testsuite hostname="DESKTOP-S922UAC" failures="0" tests="3" name="OrangeHRM_POM.T1_LoginPage" time="4.118" errors="0" timestamp="2025-06-02T21:59:27 GMT+04:00" skipped="0">
  <testcase classname="OrangeHRM_POM.T1_LoginPage" name="validateUrl" time="0.017"/>
  <testcase classname="OrangeHRM_POM.T1_LoginPage" name="validateTitle" time="0.013"/>
  <testcase classname="OrangeHRM_POM.T1_LoginPage" name="validatelogin" time="4.088"/>
</testsuite> <!-- OrangeHRM_POM.T1_LoginPage -->
