<?xml version="1.0" encoding="UTF-8"?>
<!-- Generated by org.testng.reporters.JUnitReportReporter -->
<testsuite hostname="DESKTOP-S922UAC" failures="0" tests="10" name="TelecomDomain_APITestingProject.TelecomeProject" time="13.782" errors="0" timestamp="2025-06-10T14:09:36 GMT+04:00" skipped="0">
  <testcase classname="TelecomDomain_APITestingProject.TelecomeProject" name="addNewUser" time="4.288"/>
  <testcase classname="TelecomDomain_APITestingProject.TelecomeProject" name="getUserProfile" time="1.040"/>
  <testcase classname="TelecomDomain_APITestingProject.TelecomeProject" name="updateUser" time="1.023"/>
  <testcase classname="TelecomDomain_APITestingProject.TelecomeProject" name="logInUser" time="1.107"/>
  <testcase classname="TelecomDomain_APITestingProject.TelecomeProject" name="addContact" time="1.068"/>
  <testcase classname="TelecomDomain_APITestingProject.TelecomeProject" name="getContactList" time="1.116"/>
  <testcase classname="TelecomDomain_APITestingProject.TelecomeProject" name="getContact" time="1.039"/>
  <testcase classname="TelecomDomain_APITestingProject.TelecomeProject" name="updateContact" time="1.025"/>
  <testcase classname="TelecomDomain_APITestingProject.TelecomeProject" name="patchUpdateContact" time="1.038"/>
  <testcase classname="TelecomDomain_APITestingProject.TelecomeProject" name="logoutUser" time="1.038"/>
</testsuite> <!-- TelecomDomain_APITestingProject.TelecomeProject -->
