<?xml version="1.0" encoding="UTF-8"?>
<!-- Generated by org.testng.reporters.JUnitReportReporter -->
<testsuite hostname="DESKTOP-S922UAC" failures="0" tests="1" name="ecommerce_Domain_Projects_DemoBlaze.T1_UserRegistrantion" time="4.981" errors="0" timestamp="2025-06-05T23:32:14 GMT+04:00" skipped="0">
  <testcase classname="ecommerce_Domain_Projects_DemoBlaze.T1_UserRegistrantion" name="signup" time="4.981"/>
</testsuite> <!-- ecommerce_Domain_Projects_DemoBlaze.T1_UserRegistrantion -->
